Le joueur choisi un mode de jeu
Début du mode Defender
Le joueur donne la combinaison 765543 que l'IA doit deviner
Fin de la manche Defender
Le joueur a le choix de refaire une partie
Le joueur a entré un mauvais choix, il doit choisir 1 ou 2
Le joueur a le choix de refaire une partie
Le joueur a entré un mauvais choix, il doit choisir 1 ou 2
Le joueur a le choix de refaire une partie
Le joueur a entré un mauvais choix, il doit choisir 1 ou 2
Le joueur a le choix de refaire une partie
Le joueur a entré un mauvais choix, il doit choisir 1 ou 2
Le joueur a le choix de refaire une partie
Le joueur a entré un mauvais choix, il doit choisir 1 ou 2
Le joueur a le choix de refaire une partie
Le joueur choisi un mode de jeu
Message d'erreur affiché au joueur, doit choisir un mode de jeu
Le joueur choisi un mode de jeu
Message d'erreur affiché au joueur, doit choisir un mode de jeu
Le joueur choisi un mode de jeu
Début du mode Defender
Le joueur donne la combinaison 677997 que l'IA doit deviner
Fin de la manche Defender
Le joueur a le choix de refaire une partie
Le joueur a entré un mauvais choix, il doit choisir 1 ou 2
Le joueur a le choix de refaire une partie
Le joueur a choisi de ne pas recommencer une partie
